<?xml version="1.0" encoding="UTF-8"?>
<!-- Generated by org.testng.reporters.JUnitXMLReporter -->
<testsuite hostname="BSC-PF10PQNE" ignored="2" name="TestFireFox" tests="5" failures="1" timestamp="15 Mar 2022 06:04:41 GMT" time="69.185" errors="0">
  <testcase name="verifyIxigoPageIsLoaded" time="35.993" classname="koch.com.ixigo.verifyIxigo"/>
  <testcase name="verifyIxigoPageIsLoaded" time="5.709" classname="koch.com.ixigo.google"/>
  <testcase name="verifyPassangerDetailsAreAdded" time="5.506" classname="koch.com.ixigo.verifyIxigo">
    <failure type="org.openqa.selenium.StaleElementReferenceException" message="stale element reference: element is not attached to the page document
  (Session info: chrome=91.0.4472.77)
For documentation on this error, please visit: http://seleniumhq.org/exceptions/stale_element_reference.html
Build info: version: &amp;apos;3.9.1&amp;apos;, revision: &amp;apos;63f7b50&amp;apos;, time: &amp;apos;2018-02-07T22:25:02.294Z&amp;apos;
System info: host: &amp;apos;BSC-PF10PQNE&amp;apos;, ip: &amp;apos;192.168.48.1&amp;apos;, os.name: &amp;apos;Windows 10&amp;apos;, os.arch: &amp;apos;amd64&amp;apos;, os.version: &amp;apos;10.0&amp;apos;, java.version: &amp;apos;1.8.0_161&amp;apos;
Driver info: org.openqa.selenium.remote.RemoteWebDriver
Capabilities {acceptInsecureCerts: false, browserName: chrome, browserVersion: 91.0.4472.77, chrome: {chromedriverVersion: 91.0.4472.19 (1bf021f248676..., userDataDir: /tmp/.com.google.Chrome.ZHhfXY}, goog:chromeOptions: {debuggerAddress: localhost:45711}, javascriptEnabled: true, networkConnectionEnabled: false, pageLoadStrategy: normal, platform: LINUX, platformName: LINUX, proxy: Proxy(), setWindowRect: true, strictFileInteractability: false, timeouts: {implicit: 0, pageLoad: 300000, script: 30000}, unhandledPromptBehavior: dismiss and notify, webauthn:extension:largeBlob: true, webauthn:virtualAuthenticators: true, webdriver.remote.sessionid: 879c4083600475fa9251287151b...}
Session ID: 879c4083600475fa9251287151b84aca">
      <![CDATA[org.openqa.selenium.StaleElementReferenceException: stale element reference: element is not attached to the page document
  (Session info: chrome=91.0.4472.77)
For documentation on this error, please visit: http://seleniumhq.org/exceptions/stale_element_reference.html
Build info: version: '3.9.1', revision: '63f7b50', time: '2018-02-07T22:25:02.294Z'
System info: host: 'BSC-PF10PQNE', ip: '192.168.48.1', os.name: 'Windows 10', os.arch: 'amd64', os.version: '10.0', java.version: '1.8.0_161'
Driver info: org.openqa.selenium.remote.RemoteWebDriver
Capabilities {acceptInsecureCerts: false, browserName: chrome, browserVersion: 91.0.4472.77, chrome: {chromedriverVersion: 91.0.4472.19 (1bf021f248676..., userDataDir: /tmp/.com.google.Chrome.ZHhfXY}, goog:chromeOptions: {debuggerAddress: localhost:45711}, javascriptEnabled: true, networkConnectionEnabled: false, pageLoadStrategy: normal, platform: LINUX, platformName: LINUX, proxy: Proxy(), setWindowRect: true, strictFileInteractability: false, timeouts: {implicit: 0, pageLoad: 300000, script: 30000}, unhandledPromptBehavior: dismiss and notify, webauthn:extension:largeBlob: true, webauthn:virtualAuthenticators: true, webdriver.remote.sessionid: 879c4083600475fa9251287151b...}
Session ID: 879c4083600475fa9251287151b84aca
at org.openqa.selenium.remote.http.W3CHttpResponseCodec.createException(W3CHttpResponseCodec.java:187)
at org.openqa.selenium.remote.http.W3CHttpResponseCodec.decode(W3CHttpResponseCodec.java:122)
at org.openqa.selenium.remote.http.W3CHttpResponseCodec.decode(W3CHttpResponseCodec.java:49)
at org.openqa.selenium.remote.HttpCommandExecutor.execute(HttpCommandExecutor.java:160)
at org.openqa.selenium.remote.RemoteWebDriver.execute(RemoteWebDriver.java:601)
at org.openqa.selenium.remote.RemoteWebElement.execute(RemoteWebElement.java:279)
at org.openqa.selenium.remote.RemoteWebElement.clear(RemoteWebElement.java:118)
at org.openqa.selenium.support.pagefactory.internal.LocatingElementHandler.invoke(LocatingElementHandler.java:51)
at com.sun.proxy.$Proxy8.clear(Unknown Source)
at koch.com.ixigo.IxigoHomePage.enterTravelDetails(IxigoHomePage.java:65)
at koch.com.ixigo.verifyIxigo.verifyPassangerDetailsAreAdded(verifyIxigo.java:66)
at java.util.concurrent.FutureTask.run(Unknown Source)
at java.util.concurrent.ThreadPoolExecutor.runWorker(Unknown Source)
at java.util.concurrent.ThreadPoolExecutor$Worker.run(Unknown Source)
at java.lang.Thread.run(Unknown Source)
... Removed 24 stack frames]]>
    </failure>
  </testcase> <!-- verifyPassangerDetailsAreAdded -->
  <testcase name="verifyNonStopFlights" time="0.0" classname="koch.com.ixigo.verifyIxigo">
    <skipped/>
  </testcase> <!-- verifyNonStopFlights -->
  <testcase name="verifyFlightsWithFareLessThanFiveThosuand" time="0.0" classname="koch.com.ixigo.verifyIxigo">
    <skipped/>
  </testcase> <!-- verifyFlightsWithFareLessThanFiveThosuand -->
  <testcase name="@AfterSuite driverClose" time="0.0" classname="koch.com.ixigo.TestEnvironment">
    <ignored/>
  </testcase> <!-- @AfterSuite driverClose -->
  <testcase name="@BeforeTest driverSetup" time="0.0" classname="koch.com.ixigo.TestEnvironment">
    <ignored/>
  </testcase> <!-- @BeforeTest driverSetup -->
</testsuite> <!-- TestFireFox -->
