<?xml version="1.0" encoding="UTF-8"?>
<!-- Generated by org.testng.reporters.JUnitXMLReporter -->
<testsuite hostname="BSC-PF10PQNE" ignored="0" name="Test" tests="4" failures="1" timestamp="13 Mar 2022 06:27:30 GMT" time="162.523" errors="0">
  <testcase name="verifyIxigoPageIsLoaded" time="39.641" classname="koch.com.ixigo.verifyIxigo"/>
  <testcase name="verifyPassangerDetailsAreAdded" time="122.809" classname="koch.com.ixigo.verifyIxigo">
    <failure type="org.openqa.selenium.TimeoutException" message="Timed out after 40 seconds waiting for presence of element located by: By.xpath: //*[contains(@class,&amp;apos;more-fltrs u-link&amp;apos;)]">
      <![CDATA[org.openqa.selenium.TimeoutException: Timed out after 40 seconds waiting for presence of element located by: By.xpath: //*[contains(@class,'more-fltrs u-link')]
at org.openqa.selenium.support.ui.WebDriverWait.timeoutException(WebDriverWait.java:80)
at org.openqa.selenium.support.ui.FluentWait.until(FluentWait.java:261)
at koch.com.ixigo.BasePage.verifyElementIsPresent(BasePage.java:40)
at koch.com.ixigo.BookingPage.verifyMoreFiltersLinkIsPresent(BookingPage.java:70)
at koch.com.ixigo.verifyIxigo.verifyPassangerDetailsAreAdded(verifyIxigo.java:70)
at java.util.concurrent.FutureTask.run(Unknown Source)
at java.util.concurrent.ThreadPoolExecutor.runWorker(Unknown Source)
at java.util.concurrent.ThreadPoolExecutor$Worker.run(Unknown Source)
at java.lang.Thread.run(Unknown Source)
Caused by: org.openqa.selenium.NoSuchElementException: no such element: Unable to locate element: {"method":"xpath","selector":"//*[contains(@class,'more-fltrs u-link')]"}
  (Session info: chrome=91.0.4472.77)
For documentation on this error, please visit: http://seleniumhq.org/exceptions/no_such_element.html
Build info: version: '3.9.1', revision: '63f7b50', time: '2018-02-07T22:25:02.294Z'
System info: host: 'BSC-PF10PQNE', ip: '192.168.29.12', os.name: 'Windows 10', os.arch: 'amd64', os.version: '10.0', java.version: '1.8.0_161'
Driver info: org.openqa.selenium.remote.RemoteWebDriver
Capabilities {acceptInsecureCerts: false, browserName: chrome, browserVersion: 91.0.4472.77, chrome: {chromedriverVersion: 91.0.4472.19 (1bf021f248676..., userDataDir: /tmp/.com.google.Chrome.Rpww9R}, goog:chromeOptions: {debuggerAddress: localhost:38807}, javascriptEnabled: true, networkConnectionEnabled: false, pageLoadStrategy: normal, platform: LINUX, platformName: LINUX, proxy: Proxy(), setWindowRect: true, strictFileInteractability: false, timeouts: {implicit: 0, pageLoad: 300000, script: 30000}, unhandledPromptBehavior: dismiss and notify, webauthn:extension:largeBlob: true, webauthn:virtualAuthenticators: true, webdriver.remote.sessionid: d67dc88a8d99f70b79f3dcfd52b...}
Session ID: d67dc88a8d99f70b79f3dcfd52be3ec5
*** Element info: {Using=xpath, value=//*[contains(@class,'more-fltrs u-link')]}
at org.openqa.selenium.remote.http.W3CHttpResponseCodec.createException(W3CHttpResponseCodec.java:187)
at org.openqa.selenium.remote.http.W3CHttpResponseCodec.decode(W3CHttpResponseCodec.java:122)
at org.openqa.selenium.remote.http.W3CHttpResponseCodec.decode(W3CHttpResponseCodec.java:49)
at org.openqa.selenium.remote.HttpCommandExecutor.execute(HttpCommandExecutor.java:160)
at org.openqa.selenium.remote.RemoteWebDriver.execute(RemoteWebDriver.java:601)
at org.openqa.selenium.remote.RemoteWebDriver.findElement(RemoteWebDriver.java:371)
at org.openqa.selenium.remote.RemoteWebDriver.findElementByXPath(RemoteWebDriver.java:473)
at org.openqa.selenium.By$ByXPath.findElement(By.java:361)
at org.openqa.selenium.remote.RemoteWebDriver.findElement(RemoteWebDriver.java:363)
at org.openqa.selenium.support.ui.ExpectedConditions.findElement(ExpectedConditions.java:899)
at org.openqa.selenium.support.ui.ExpectedConditions.access$000(ExpectedConditions.java:41)
at org.openqa.selenium.support.ui.ExpectedConditions$6.apply(ExpectedConditions.java:181)
at org.openqa.selenium.support.ui.ExpectedConditions$6.apply(ExpectedConditions.java:178)
at org.openqa.selenium.support.ui.FluentWait.until(FluentWait.java:238)
... 23 more
... Removed 19 stack frames]]>
    </failure>
  </testcase> <!-- verifyPassangerDetailsAreAdded -->
  <testcase name="verifyNonStopFlights" time="0.0" classname="koch.com.ixigo.verifyIxigo">
    <skipped/>
  </testcase> <!-- verifyNonStopFlights -->
  <testcase name="verifyFlightsWithFareLessThanFiveThosuand" time="0.0" classname="koch.com.ixigo.verifyIxigo">
    <skipped/>
  </testcase> <!-- verifyFlightsWithFareLessThanFiveThosuand -->
</testsuite> <!-- Test -->
